<?xml version="1.0" encoding="UTF-8"?>
<!-- Generated by org.testng.reporters.JUnitReportReporter -->
<testsuite skipped="0" hostname="lenovo" name="com.cjc.DWS.Tests.MainTest" tests="4" failures="0" timestamp="2021-05-17T16:33:55 IST" time="57.057" errors="0">
  <testcase name="registrationTest" time="6.807" classname="com.cjc.DWS.Tests.MainTest"/>
  <system-out/>
  <testcase name="addToCartTest" time="23.540" classname="com.cjc.DWS.Tests.MainTest"/>
  <system-out/>
  <testcase name="shoptest" time="10.330" classname="com.cjc.DWS.Tests.MainTest"/>
  <system-out/>
  <testcase name="checkouttest" time="16.380" classname="com.cjc.DWS.Tests.MainTest"/>
  <system-out/>
</testsuite> <!-- com.cjc.DWS.Tests.MainTest -->
