<?xml version="1.0" encoding="UTF-8"?>
<!-- Generated by org.testng.reporters.JUnitReportReporter -->
<testsuite skipped="0" hostname="lenovo" name="com.cjc.DWS.Tests.MainTest" tests="4" failures="0" timestamp="2021-05-15T19:23:11 IST" time="62.782" errors="0">
  <testcase name="registrationTest" time="8.567" classname="com.cjc.DWS.Tests.MainTest"/>
  <system-out/>
  <testcase name="addToCartTest" time="28.197" classname="com.cjc.DWS.Tests.MainTest"/>
  <system-out/>
  <testcase name="shoptest" time="9.153" classname="com.cjc.DWS.Tests.MainTest"/>
  <system-out/>
  <testcase name="checkouttest" time="16.865" classname="com.cjc.DWS.Tests.MainTest"/>
  <system-out/>
</testsuite> <!-- com.cjc.DWS.Tests.MainTest -->
