<?xml version="1.0" encoding="UTF-8"?>
<!-- Generated by org.testng.reporters.JUnitReportReporter -->
<testsuite hostname="lenovo" failures="0" tests="4" name="com.cjc.DWS.Tests.MainTest" time="57.828" errors="0" timestamp="15 May 2021 16:10:15 GMT" skipped="0">
  <testcase classname="com.cjc.DWS.Tests.MainTest" name="registrationTest" time="8.780"/>
  <testcase classname="com.cjc.DWS.Tests.MainTest" name="addToCartTest" time="22.723"/>
  <testcase classname="com.cjc.DWS.Tests.MainTest" name="shoptest" time="9.467"/>
  <testcase classname="com.cjc.DWS.Tests.MainTest" name="checkouttest" time="16.858"/>
</testsuite> <!-- com.cjc.DWS.Tests.MainTest -->
