<?xml version="1.0" encoding="UTF-8"?>
<!-- Generated by org.testng.reporters.JUnitReportReporter -->
<testsuite skipped="0" hostname="lenovo" name="com.cjc.DWS.Tests.MainTest" tests="4" failures="0" timestamp="15 May 2021 14:20:52 GMT" time="63.571" errors="0">
  <testcase name="registrationTest" time="7.766" classname="com.cjc.DWS.Tests.MainTest"/>
  <testcase name="addToCartTest" time="28.777" classname="com.cjc.DWS.Tests.MainTest"/>
  <testcase name="shoptest" time="9.958" classname="com.cjc.DWS.Tests.MainTest"/>
  <testcase name="checkouttest" time="17.070" classname="com.cjc.DWS.Tests.MainTest"/>
</testsuite> <!-- com.cjc.DWS.Tests.MainTest -->
